# JRE version: OpenJDK Runtime Environment (8.0_212) (build 1.8.0_212-release-1586-b4-5784211)
# Java VM: OpenJDK 64-Bit Server VM (25.212-b4-5784211 mixed mode bsd-amd64 compressed oops)
Heap:
 PSYoungGen      total 222720K, used 222706K [0x00000007a0000000, 0x00000007b2680000, 0x00000007c0000000)
  eden space 195584K, 100% used [0x00000007a0000000,0x00000007abf00000,0x00000007abf00000)
  from space 27136K, 99% used [0x00000007abf00000,0x00000007ad97cad0,0x00000007ad980000)
  to   space 37376K, 45% used [0x00000007b0200000,0x00000007b1293398,0x00000007b2680000)
 ParOldGen       total 161280K, used 69009K [0x0000000760000000, 0x0000000769d80000, 0x00000007a0000000)
  object space 161280K, 42% used [0x0000000760000000,0x00000007643664c0,0x0000000769d80000)
 Metaspace       used 90875K, capacity 95004K, committed 95360K, reserved 1132544K
  class space    used 12278K, capacity 13069K, committed 13184K, reserved 1048576K
GC Heap History (10 events):
Event: 23.759 GC heap after
Heap after GC invocations=12 (full 2):
 PSYoungGen      total 190464K, used 16892K [0x00000007a0000000, 0x00000007ad680000, 0x00000007c0000000)
  eden space 173568K, 0% used [0x00000007a0000000,0x00000007a0000000,0x00000007aa980000)
  from space 16896K, 99% used [0x00000007abe00000,0x00000007ace7f3d8,0x00000007ace80000)
  to   space 20992K, 0% used [0x00000007aa980000,0x00000007aa980000,0x00000007abe00000)
 ParOldGen       total 103424K, used 27351K [0x0000000760000000, 0x0000000766500000, 0x00000007a0000000)
  object space 103424K, 26% used [0x0000000760000000,0x0000000761ab5ce0,0x0000000766500000)
 Metaspace       used 57267K, capacity 59032K, committed 59096K, reserved 1099776K
  class space    used 7849K, capacity 8271K, committed 8320K, reserved 1048576K
}
Event: 23.759 GC heap before
{Heap before GC invocations=13 (full 3):
 PSYoungGen      total 190464K, used 16892K [0x00000007a0000000, 0x00000007ad680000, 0x00000007c0000000)
  eden space 173568K, 0% used [0x00000007a0000000,0x00000007a0000000,0x00000007aa980000)
  from space 16896K, 99% used [0x00000007abe00000,0x00000007ace7f3d8,0x00000007ace80000)
  to   space 20992K, 0% used [0x00000007aa980000,0x00000007aa980000,0x00000007abe00000)
 ParOldGen       total 103424K, used 27351K [0x0000000760000000, 0x0000000766500000, 0x00000007a0000000)
  object space 103424K, 26% used [0x0000000760000000,0x0000000761ab5ce0,0x0000000766500000)
 Metaspace       used 57267K, capacity 59032K, committed 59096K, reserved 1099776K
  class space    used 7849K, capacity 8271K, committed 8320K, reserved 1048576K
Event: 24.332 GC heap after
Heap after GC invocations=13 (full 3):
 PSYoungGen      total 190464K, used 0K [0x00000007a0000000, 0x00000007ad680000, 0x00000007c0000000)
  eden space 173568K, 0% used [0x00000007a0000000,0x00000007a0000000,0x00000007aa980000)
  from space 16896K, 0% used [0x00000007abe00000,0x00000007abe00000,0x00000007ace80000)
  to   space 20992K, 0% used [0x00000007aa980000,0x00000007aa980000,0x00000007abe00000)
 ParOldGen       total 161280K, used 37471K [0x0000000760000000, 0x0000000769d80000, 0x00000007a0000000)
  object space 161280K, 23% used [0x0000000760000000,0x0000000762497c08,0x0000000769d80000)
 Metaspace       used 57267K, capacity 59032K, committed 59096K, reserved 1099776K
  class space    used 7849K, capacity 8271K, committed 8320K, reserved 1048576K
}
Event: 29.612 GC heap before
{Heap before GC invocations=14 (full 3):
 PSYoungGen      total 190464K, used 173568K [0x00000007a0000000, 0x00000007ad680000, 0x00000007c0000000)
  eden space 173568K, 100% used [0x00000007a0000000,0x00000007aa980000,0x00000007aa980000)
  from space 16896K, 0% used [0x00000007abe00000,0x00000007abe00000,0x00000007ace80000)
  to   space 20992K, 0% used [0x00000007aa980000,0x00000007aa980000,0x00000007abe00000)
 ParOldGen       total 161280K, used 37471K [0x0000000760000000, 0x0000000769d80000, 0x00000007a0000000)
  object space 161280K, 23% used [0x0000000760000000,0x0000000762497c08,0x0000000769d80000)
 Metaspace       used 61926K, capacity 64236K, committed 64256K, reserved 1103872K
  class space    used 8505K, capacity 8959K, committed 8960K, reserved 1048576K
Event: 29.659 GC heap after
Heap after GC invocations=14 (full 3):
 PSYoungGen      total 194560K, used 14472K [0x00000007a0000000, 0x00000007aee80000, 0x00000007c0000000)
  eden space 173568K, 0% used [0x00000007a0000000,0x00000007a0000000,0x00000007aa980000)
  from space 20992K, 68% used [0x00000007aa980000,0x00000007ab7a2398,0x00000007abe00000)
  to   space 21504K, 0% used [0x00000007ad980000,0x00000007ad980000,0x00000007aee80000)
 ParOldGen       total 161280K, used 37479K [0x0000000760000000, 0x0000000769d80000, 0x00000007a0000000)
  object space 161280K, 23% used [0x0000000760000000,0x0000000762499c08,0x0000000769d80000)
 Metaspace       used 61926K, capacity 64236K, committed 64256K, reserved 1103872K
  class space    used 8505K, capacity 8959K, committed 8960K, reserved 1048576K
}
Event: 69.369 GC heap before
{Heap before GC invocations=15 (full 3):
 PSYoungGen      total 194560K, used 188040K [0x00000007a0000000, 0x00000007aee80000, 0x00000007c0000000)
  eden space 173568K, 100% used [0x00000007a0000000,0x00000007aa980000,0x00000007aa980000)
  from space 20992K, 68% used [0x00000007aa980000,0x00000007ab7a2398,0x00000007abe00000)
  to   space 21504K, 0% used [0x00000007ad980000,0x00000007ad980000,0x00000007aee80000)
 ParOldGen       total 161280K, used 37479K [0x0000000760000000, 0x0000000769d80000, 0x00000007a0000000)
  object space 161280K, 23% used [0x0000000760000000,0x0000000762499c08,0x0000000769d80000)
 Metaspace       used 69526K, capacity 72120K, committed 72320K, reserved 1112064K
  class space    used 9467K, capacity 10016K, committed 10112K, reserved 1048576K
Event: 69.459 GC heap after
Heap after GC invocations=15 (full 3):
 PSYoungGen      total 217088K, used 21503K [0x00000007a0000000, 0x00000007af500000, 0x00000007c0000000)
  eden space 195584K, 0% used [0x00000007a0000000,0x00000007a0000000,0x00000007abf00000)
  from space 21504K, 99% used [0x00000007ad980000,0x00000007aee7fd38,0x00000007aee80000)
  to   space 27136K, 0% used [0x00000007abf00000,0x00000007abf00000,0x00000007ad980000)
 ParOldGen       total 161280K, used 45265K [0x0000000760000000, 0x0000000769d80000, 0x00000007a0000000)
  object space 161280K, 28% used [0x0000000760000000,0x0000000762c34470,0x0000000769d80000)
 Metaspace       used 69526K, capacity 72120K, committed 72320K, reserved 1112064K
  class space    used 9467K, capacity 10016K, committed 10112K, reserved 1048576K
}
Event: 75.299 GC heap before
{Heap before GC invocations=16 (full 3):
 PSYoungGen      total 217088K, used 217087K [0x00000007a0000000, 0x00000007af500000, 0x00000007c0000000)
  eden space 195584K, 100% used [0x00000007a0000000,0x00000007abf00000,0x00000007abf00000)
  from space 21504K, 99% used [0x00000007ad980000,0x00000007aee7fd38,0x00000007aee80000)
  to   space 27136K, 0% used [0x00000007abf00000,0x00000007abf00000,0x00000007ad980000)
 ParOldGen       total 161280K, used 45265K [0x0000000760000000, 0x0000000769d80000, 0x00000007a0000000)
  object space 161280K, 28% used [0x0000000760000000,0x0000000762c34470,0x0000000769d80000)
 Metaspace       used 82505K, capacity 85896K, committed 86272K, reserved 1124352K
  class space    used 11273K, capacity 11951K, committed 12032K, reserved 1048576K
Event: 75.414 GC heap after
Heap after GC invocations=16 (full 3):
 PSYoungGen      total 222720K, used 27122K [0x00000007a0000000, 0x00000007b2680000, 0x00000007c0000000)
  eden space 195584K, 0% used [0x00000007a0000000,0x00000007a0000000,0x00000007abf00000)
  from space 27136K, 99% used [0x00000007abf00000,0x00000007ad97cad0,0x00000007ad980000)
  to   space 37376K, 0% used [0x00000007b0200000,0x00000007b0200000,0x00000007b2680000)
 ParOldGen       total 161280K, used 61583K [0x0000000760000000, 0x0000000769d80000, 0x00000007a0000000)
  object space 161280K, 38% used [0x0000000760000000,0x0000000763c23ea8,0x0000000769d80000)
 Metaspace       used 82505K, capacity 85896K, committed 86272K, reserved 1124352K
  class space    used 11273K, capacity 11951K, committed 12032K, reserved 1048576K
}
Event: 134.679 GC heap before
{Heap before GC invocations=17 (full 3):
 PSYoungGen      total 222720K, used 222706K [0x00000007a0000000, 0x00000007b2680000, 0x00000007c0000000)
  eden space 195584K, 100% used [0x00000007a0000000,0x00000007abf00000,0x00000007abf00000)
  from space 27136K, 99% used [0x00000007abf00000,0x00000007ad97cad0,0x00000007ad980000)
  to   space 37376K, 0% used [0x00000007b0200000,0x00000007b0200000,0x00000007b2680000)
 ParOldGen       total 161280K, used 61583K [0x0000000760000000, 0x0000000769d80000, 0x00000007a0000000)
  object space 161280K, 38% used [0x0000000760000000,0x0000000763c23ea8,0x0000000769d80000)
 Metaspace       used 90875K, capacity 95004K, committed 95360K, reserved 1132544K
  class space    used 12278K, capacity 13069K, committed 13184K, reserved 1048576K

